{"C:\\Users\\Abish\\Desktop\\JobNimbusCodeAssesment\\main.js": {"path":"C:\\Users\\Abish\\Desktop\\JobNimbusCodeAssesment\\main.js","statementMap":{"0":{"start":{"line":2,"column":18},"end":{"line":2,"column":64}},"1":{"start":{"line":7,"column":4},"end":{"line":7,"column":64}},"2":{"start":{"line":9,"column":0},"end":{"line":9,"column":39}}},"fnMap":{"0":{"name":"checkForMatchingBraces","decl":{"start":{"line":1,"column":9},"end":{"line":1,"column":31}},"loc":{"start":{"line":1,"column":40},"end":{"line":8,"column":1}},"line":1}},"branchMap":{"0":{"loc":{"start":{"line":7,"column":11},"end":{"line":7,"column":64}},"type":"cond-expr","locations":[{"start":{"line":7,"column":52},"end":{"line":7,"column":56}},{"start":{"line":7,"column":59},"end":{"line":7,"column":64}}],"line":7},"1":{"loc":{"start":{"line":7,"column":11},"end":{"line":7,"column":49}},"type":"binary-expr","locations":[{"start":{"line":7,"column":11},"end":{"line":7,"column":24}},{"start":{"line":7,"column":28},"end":{"line":7,"column":49}}],"line":7}},"s":{"0":5,"1":5,"2":1},"f":{"0":5},"b":{"0":[3,2],"1":[5,4]},"_coverageSchema":"1a1c01bbd47fc00a2c39e90264f33305004495a9","hash":"b4ad899de5c04571ace4b7abda9cb46eca8af433"}
}
