{"C:\\Users\\Abish\\Desktop\\JobNimbusCodeAssesment\\main.js": {"path":"C:\\Users\\Abish\\Desktop\\JobNimbusCodeAssesment\\main.js","statementMap":{"0":{"start":{"line":2,"column":18},"end":{"line":2,"column":64}},"1":{"start":{"line":3,"column":4},"end":{"line":6,"column":20}},"2":{"start":{"line":4,"column":8},"end":{"line":4,"column":19}},"3":{"start":{"line":6,"column":8},"end":{"line":6,"column":20}},"4":{"start":{"line":8,"column":0},"end":{"line":8,"column":39}}},"fnMap":{"0":{"name":"checkForMatchingBraces","decl":{"start":{"line":1,"column":9},"end":{"line":1,"column":31}},"loc":{"start":{"line":1,"column":40},"end":{"line":7,"column":1}},"line":1}},"branchMap":{"0":{"loc":{"start":{"line":3,"column":4},"end":{"line":6,"column":20}},"type":"if","locations":[{"start":{"line":3,"column":4},"end":{"line":6,"column":20}},{"start":{"line":6,"column":8},"end":{"line":6,"column":20}}],"line":3},"1":{"loc":{"start":{"line":3,"column":7},"end":{"line":3,"column":45}},"type":"binary-expr","locations":[{"start":{"line":3,"column":7},"end":{"line":3,"column":20}},{"start":{"line":3,"column":24},"end":{"line":3,"column":45}}],"line":3}},"s":{"0":5,"1":5,"2":3,"3":2,"4":1},"f":{"0":5},"b":{"0":[3,2],"1":[5,4]},"_coverageSchema":"1a1c01bbd47fc00a2c39e90264f33305004495a9","hash":"319cb8a68498f25564f8039be278bff5321ff192"}
}
